[    0.000000] Linux version 4.15.0-74-generic (buildd@lcy01-amd64-022) (gcc version 7.4.0 (Ubuntu 7.4.0-1ubuntu1~18.04.1)) #84-Ubuntu SMP Thu Dec 19 08:06:28 UTC 2019 (Ubuntu 4.15.0-74.84-generic 4.15.18)
[    0.000000] Command line: BOOT_IMAGE=/boot/vmlinuz-4.15.0-74-generic root=LABEL=cloudimg-rootfs ro console=tty1 console=ttyS0
[    0.000000] KERNEL supported cpus:
[    0.000000]   Intel GenuineIntel
[    0.000000]   AMD AuthenticAMD
[    0.000000]   Centaur CentaurHauls
[    0.000000] x86/fpu: Supporting XSAVE feature 0x001: 'x87 floating point registers'
[    0.000000] x86/fpu: Supporting XSAVE feature 0x002: 'SSE registers'
[    0.000000] x86/fpu: Supporting XSAVE feature 0x004: 'AVX registers'
[    0.000000] x86/fpu: xstate_offset[2]:  576, xstate_sizes[2]:  256
[    0.000000] x86/fpu: Enabled xstate features 0x7, context size is 832 bytes, using 'standard' format.
[    0.000000] e820: BIOS-provided physical RAM map:
[    0.000000] BIOS-e820: [mem 0x0000000000000000-0x000000000009fbff] usable
[    0.000000] BIOS-e820: [mem 0x000000000009fc00-0x000000000009ffff] reserved
[    0.000000] BIOS-e820: [mem 0x00000000000f0000-0x00000000000fffff] reserved
[    0.000000] BIOS-e820: [mem 0x0000000000100000-0x000000003ffeffff] usable
[    0.000000] BIOS-e820: [mem 0x000000003fff0000-0x000000003fffffff] ACPI data
[    0.000000] BIOS-e820: [mem 0x00000000fec00000-0x00000000fec00fff] reserved
[    0.000000] BIOS-e820: [mem 0x00000000fee00000-0x00000000fee00fff] reserved
[    0.000000] BIOS-e820: [mem 0x00000000fffc0000-0x00000000ffffffff] reserved
[    0.000000] NX (Execute Disable) protection: active
[    0.000000] SMBIOS 2.5 present.
[    0.000000] DMI: innotek GmbH VirtualBox/VirtualBox, BIOS VirtualBox 12/01/2006
[    0.000000] Hypervisor detected: KVM
[    0.000000] e820: last_pfn = 0x3fff0 max_arch_pfn = 0x400000000
[    0.000000] MTRR: Disabled
[    0.000000] x86/PAT: MTRRs disabled, skipping PAT initialization too.
[    0.000000] CPU MTRRs all blank - virtualized system.
[    0.000000] x86/PAT: Configuration [0-7]: WB  WT  UC- UC  WB  WT  UC- UC  
[    0.000000] found SMP MP-table at [mem 0x0009fff0-0x0009ffff]
[    0.000000] Scanning 1 areas for low memory corruption
[    0.000000] RAMDISK: [mem 0x3595d000-0x36ca5fff]
[    0.000000] ACPI: Early table checksum verification disabled
[    0.000000] ACPI: RSDP 0x00000000000E0000 000024 (v02 VBOX  )
[    0.000000] ACPI: XSDT 0x000000003FFF0030 00003C (v01 VBOX   VBOXXSDT 00000001 ASL  00000061)
[    0.000000] ACPI: FACP 0x000000003FFF00F0 0000F4 (v04 VBOX   VBOXFACP 00000001 ASL  00000061)
[    0.000000] ACPI: DSDT 0x000000003FFF0470 0022EA (v02 VBOX   VBOXBIOS 00000002 INTL 20100528)
[    0.000000] ACPI: FACS 0x000000003FFF0200 000040
[    0.000000] ACPI: FACS 0x000000003FFF0200 000040
[    0.000000] ACPI: APIC 0x000000003FFF0240 00005C (v02 VBOX   VBOXAPIC 00000001 ASL  00000061)
[    0.000000] ACPI: SSDT 0x000000003FFF02A0 0001CC (v01 VBOX   VBOXCPUT 00000002 INTL 20100528)
[    0.000000] No NUMA configuration found
[    0.000000] Faking a node at [mem 0x0000000000000000-0x000000003ffeffff]
[    0.000000] NODE_DATA(0) allocated [mem 0x3ffc5000-0x3ffeffff]
[    0.000000] kvm-clock: cpu 0, msr 0:3ff44001, primary cpu clock
[    0.000000] kvm-clock: Using msrs 4b564d01 and 4b564d00
[    0.000000] kvm-clock: using sched offset of 3922956179 cycles
[    0.000000] clocksource: kvm-clock: mask: 0xffffffffffffffff max_cycles: 0x1cd42e4dffb, max_idle_ns: 881590591483 ns
[    0.000000] Zone ranges:
[    0.000000]   DMA      [mem 0x0000000000001000-0x0000000000ffffff]
[    0.000000]   DMA32    [mem 0x0000000001000000-0x000000003ffeffff]
[    0.000000]   Normal   empty
[    0.000000]   Device   empty
[    0.000000] Movable zone start for each node
[    0.000000] Early memory node ranges
[    0.000000]   node   0: [mem 0x0000000000001000-0x000000000009efff]
[    0.000000]   node   0: [mem 0x0000000000100000-0x000000003ffeffff]
[    0.000000] Reserved but unavailable: 98 pages
[    0.000000] Initmem setup node 0 [mem 0x0000000000001000-0x000000003ffeffff]
[    0.000000] ACPI: PM-Timer IO Port: 0x4008
[    0.000000] IOAPIC[0]: apic_id 2, version 32, address 0xfec00000, GSI 0-23
[    0.000000] ACPI: INT_SRC_OVR (bus 0 bus_irq 0 global_irq 2 dfl dfl)
[    0.000000] ACPI: INT_SRC_OVR (bus 0 bus_irq 9 global_irq 9 low level)
[    0.000000] Using ACPI (MADT) for SMP configuration information
[    0.000000] smpboot: Allowing 2 CPUs, 0 hotplug CPUs
[    0.000000] PM: Registered nosave memory: [mem 0x00000000-0x00000fff]
[    0.000000] PM: Registered nosave memory: [mem 0x0009f000-0x0009ffff]
[    0.000000] PM: Registered nosave memory: [mem 0x000a0000-0x000effff]
[    0.000000] PM: Registered nosave memory: [mem 0x000f0000-0x000fffff]
[    0.000000] e820: [mem 0x40000000-0xfebfffff] available for PCI devices
[    0.000000] Booting paravirtualized kernel on KVM
[    0.000000] clocksource: refined-jiffies: mask: 0xffffffff max_cycles: 0xffffffff, max_idle_ns: 7645519600211568 ns
[    0.000000] random: get_random_bytes called from start_kernel+0x99/0x4fd with crng_init=0
[    0.000000] setup_percpu: NR_CPUS:8192 nr_cpumask_bits:2 nr_cpu_ids:2 nr_node_ids:1
[    0.000000] percpu: Embedded 45 pages/cpu s147456 r8192 d28672 u1048576
[    0.000000] PV qspinlock hash table entries: 256 (order: 0, 4096 bytes)
[    0.000000] Built 1 zonelists, mobility grouping on.  Total pages: 257913
[    0.000000] Policy zone: DMA32
[    0.000000] Kernel command line: BOOT_IMAGE=/boot/vmlinuz-4.15.0-74-generic root=LABEL=cloudimg-rootfs ro console=tty1 console=ttyS0
[    0.000000] Memory: 982532K/1048120K available (12300K kernel code, 2481K rwdata, 4260K rodata, 2428K init, 2704K bss, 65588K reserved, 0K cma-reserved)
[    0.000000] SLUB: HWalign=64, Order=0-3, MinObjects=0, CPUs=2, Nodes=1
[    0.000000] Kernel/User page tables isolation: enabled
[    0.000000] ftrace: allocating 39322 entries in 154 pages
[    0.004000] Hierarchical RCU implementation.
[    0.004000] 	RCU restricting CPUs from NR_CPUS=8192 to nr_cpu_ids=2.
[    0.004000] 	Tasks RCU enabled.
[    0.004000] RCU: Adjusting geometry for rcu_fanout_leaf=16, nr_cpu_ids=2
[    0.004000] NR_IRQS: 524544, nr_irqs: 440, preallocated irqs: 16
[    0.004000] Console: colour VGA+ 80x25
[    0.004000] console [tty1] enabled
[    0.004000] console [ttyS0] enabled
[    0.004000] ACPI: Core revision 20170831
[    0.004000] ACPI: 2 ACPI AML tables successfully acquired and loaded
[    0.004000] APIC: Switch to symmetric I/O mode setup
[    0.004000] x2apic enabled
[    0.004000] Switched APIC routing to physical x2apic.
[    0.004000] ..TIMER: vector=0x30 apic1=0 pin1=2 apic2=-1 pin2=-1
[    0.004005] tsc: Detected 2399.998 MHz processor
[    0.005004] Calibrating delay loop (skipped) preset value.. 4799.99 BogoMIPS (lpj=9599992)
[    0.005723] pid_max: default: 32768 minimum: 301
[    0.008025] Security Framework initialized
[    0.008861] Yama: becoming mindful.
[    0.009596] AppArmor: AppArmor initialized
[    0.011677] Dentry cache hash table entries: 131072 (order: 8, 1048576 bytes)
[    0.012055] Inode-cache hash table entries: 65536 (order: 7, 524288 bytes)
[    0.013414] Mount-cache hash table entries: 2048 (order: 2, 16384 bytes)
[    0.016004] Mountpoint-cache hash table entries: 2048 (order: 2, 16384 bytes)
[    0.017699] Last level iTLB entries: 4KB 64, 2MB 8, 4MB 8
[    0.018838] Last level dTLB entries: 4KB 64, 2MB 0, 4MB 0, 1GB 4
[    0.020002] Spectre V1 : Mitigation: usercopy/swapgs barriers and __user pointer sanitization
[    0.021694] Spectre V2 : Mitigation: Full generic retpoline
[    0.022801] Spectre V2 : Spectre v2 / SpectreRSB mitigation: Filling RSB on context switch
[    0.024001] Speculative Store Bypass: Vulnerable
[    0.025016] MDS: Vulnerable: Clear CPU buffers attempted, no microcode
[    0.026441] Freeing SMP alternatives memory: 36K
[    0.138613] smpboot: CPU0: Intel(R) Core(TM) i5-8279U CPU @ 2.40GHz (family: 0x6, model: 0x8e, stepping: 0xa)
[    0.140000] Performance Events: unsupported p6 CPU model 142 no PMU driver, software events only.
[    0.140029] Hierarchical SRCU implementation.
[    0.141401] NMI watchdog: Perf event create on CPU 0 failed with -2
[    0.142646] NMI watchdog: Perf NMI watchdog permanently disabled
[    0.144035] smp: Bringing up secondary CPUs ...
[    0.145012] x86: Booting SMP configuration:
[    0.145868] .... node  #0, CPUs:      #1
[    0.004000] kvm-clock: cpu 1, msr 0:3ff44041, secondary cpu clock
[    0.150735] smp: Brought up 1 node, 2 CPUs
[    0.152003] smpboot: Max logical packages: 1
[    0.153314] smpboot: Total of 2 processors activated (9599.99 BogoMIPS)
[    0.154792] devtmpfs: initialized
[    0.156020] x86/mm: Memory block size: 128MB
[    0.156999] evm: security.selinux
[    0.157694] evm: security.SMACK64
[    0.158383] evm: security.SMACK64EXEC
[    0.159413] evm: security.SMACK64TRANSMUTE
[    0.160002] evm: security.SMACK64MMAP
[    0.160890] evm: security.apparmor
[    0.161611] evm: security.ima
[    0.162249] evm: security.capability
[    0.163057] clocksource: jiffies: mask: 0xffffffff max_cycles: 0xffffffff, max_idle_ns: 7645041785100000 ns
[    0.164005] futex hash table entries: 512 (order: 3, 32768 bytes)
[    0.166449] pinctrl core: initialized pinctrl subsystem
[    0.168093] RTC time:  2:23:21, date: 01/28/20
[    0.169121] NET: Registered protocol family 16
[    0.170132] audit: initializing netlink subsys (disabled)
[    0.172024] audit: type=2000 audit(1580178206.974:1): state=initialized audit_enabled=0 res=1
[    0.172151] cpuidle: using governor ladder
[    0.176009] cpuidle: using governor menu
[    0.177137] ACPI: bus type PCI registered
[    0.178005] acpiphp: ACPI Hot Plug PCI Controller Driver version: 0.5
[    0.179467] PCI: Using configuration type 1 for base access
[    0.180692] HugeTLB registered 2.00 MiB page size, pre-allocated 0 pages
[    0.184058] ACPI: Added _OSI(Module Device)
[    0.184956] ACPI: Added _OSI(Processor Device)
[    0.185920] ACPI: Added _OSI(3.0 _SCP Extensions)
[    0.186920] ACPI: Added _OSI(Processor Aggregator Device)
[    0.188002] ACPI: Added _OSI(Linux-Dell-Video)
[    0.188935] ACPI: Added _OSI(Linux-Lenovo-NV-HDMI-Audio)
[    0.190034] ACPI: Added _OSI(Linux-HPI-Hybrid-Graphics)
[    0.191558] ACPI: Executed 1 blocks of module-level executable AML code
[    0.194456] ACPI: Interpreter enabled
[    0.196010] ACPI: (supports S0 S5)
[    0.196731] ACPI: Using IOAPIC for interrupt routing
[    0.197928] PCI: Using host bridge windows from ACPI; if necessary, use "pci=nocrs" and report a bug
[    0.200184] ACPI: Enabled 2 GPEs in block 00 to 07
[    0.207107] ACPI: PCI Root Bridge [PCI0] (domain 0000 [bus 00-ff])
[    0.208005] acpi PNP0A03:00: _OSC: OS supports [ASPM ClockPM Segments MSI]
[    0.210237] acpi PNP0A03:00: _OSC: not requesting OS control; OS requires [ExtendedConfig ASPM ClockPM MSI]
[    0.212009] acpi PNP0A03:00: fail to add MMCONFIG information, can't access extended PCI configuration space under this bridge.
[    0.216369] PCI host bridge to bus 0000:00
[    0.217208] pci_bus 0000:00: root bus resource [io  0x0000-0x0cf7 window]
[    0.218582] pci_bus 0000:00: root bus resource [io  0x0d00-0xffff window]
[    0.220002] pci_bus 0000:00: root bus resource [mem 0x000a0000-0x000bffff window]
[    0.221969] pci_bus 0000:00: root bus resource [mem 0x40000000-0xfdffffff window]
[    0.224003] pci_bus 0000:00: root bus resource [bus 00-ff]
[    0.228151] pci 0000:00:01.1: legacy IDE quirk: reg 0x10: [io  0x01f0-0x01f7]
[    0.229652] pci 0000:00:01.1: legacy IDE quirk: reg 0x14: [io  0x03f6]
[    0.230938] pci 0000:00:01.1: legacy IDE quirk: reg 0x18: [io  0x0170-0x0177]
[    0.232003] pci 0000:00:01.1: legacy IDE quirk: reg 0x1c: [io  0x0376]
[    0.248627] pci 0000:00:07.0: quirk: [io  0x4000-0x403f] claimed by PIIX4 ACPI
[    0.250588] pci 0000:00:07.0: quirk: [io  0x4100-0x410f] claimed by PIIX4 SMB
[    0.261947] ACPI: PCI Interrupt Link [LNKA] (IRQs 5 9 10 *11)
[    0.263809] ACPI: PCI Interrupt Link [LNKB] (IRQs 5 9 *10 11)
[    0.264115] ACPI: PCI Interrupt Link [LNKC] (IRQs 5 *9 10 11)
[    0.265369] ACPI: PCI Interrupt Link [LNKD] (IRQs 5 9 10 *11)
[    0.268216] SCSI subsystem initialized
[    0.269046] pci 0000:00:02.0: vgaarb: setting as boot VGA device
[    0.269239] pci 0000:00:02.0: vgaarb: VGA device added: decodes=io+mem,owns=io+mem,locks=none
[    0.272013] pci 0000:00:02.0: vgaarb: bridge control possible
[    0.273970] vgaarb: loaded
[    0.274634] ACPI: bus type USB registered
[    0.275514] usbcore: registered new interface driver usbfs
[    0.276008] usbcore: registered new interface driver hub
[    0.277182] usbcore: registered new device driver usb
[    0.278312] EDAC MC: Ver: 3.0.0
[    0.280312] PCI: Using ACPI for IRQ routing
[    0.281261] NetLabel: Initializing
[    0.282001] NetLabel:  domain hash size = 128
[    0.282933] NetLabel:  protocols = UNLABELED CIPSOv4 CALIPSO
[    0.284014] NetLabel:  unlabeled traffic allowed by default
[    0.285180] clocksource: Switched to clocksource kvm-clock
[    0.296653] VFS: Disk quotas dquot_6.6.0
[    0.297774] VFS: Dquot-cache hash table entries: 512 (order 0, 4096 bytes)
[    0.299851] AppArmor: AppArmor Filesystem Enabled
[    0.301460] pnp: PnP ACPI init
[    0.303875] pnp: PnP ACPI: found 3 devices
[    0.313034] clocksource: acpi_pm: mask: 0xffffff max_cycles: 0xffffff, max_idle_ns: 2085701024 ns
[    0.315333] NET: Registered protocol family 2
[    0.316789] TCP established hash table entries: 8192 (order: 4, 65536 bytes)
[    0.319000] TCP bind hash table entries: 8192 (order: 5, 131072 bytes)
[    0.322402] TCP: Hash tables configured (established 8192 bind 8192)
[    0.324506] UDP hash table entries: 512 (order: 2, 16384 bytes)
[    0.326005] UDP-Lite hash table entries: 512 (order: 2, 16384 bytes)
[    0.327502] NET: Registered protocol family 1
[    0.328624] pci 0000:00:00.0: Limiting direct PCI/PCI transfers
[    0.330168] pci 0000:00:01.0: Activating ISA DMA hang workarounds
[    0.331620] pci 0000:00:02.0: Video device with shadowed ROM at [mem 0x000c0000-0x000dffff]
[    0.333571] Unpacking initramfs...
[    0.562340] Freeing initrd memory: 19748K
[    0.563683] clocksource: tsc: mask: 0xffffffffffffffff max_cycles: 0x229835b7123, max_idle_ns: 440795242976 ns
[    0.566487] platform rtc_cmos: registered platform RTC device (no PNP device found)
[    0.568224] Scanning for low memory corruption every 60 seconds
[    0.570644] Initialise system trusted keyrings
[    0.571774] Key type blacklist registered
[    0.572817] workingset: timestamp_bits=36 max_order=18 bucket_order=0
[    0.574850] zbud: loaded
[    0.575872] squashfs: version 4.0 (2009/01/31) Phillip Lougher
[    0.577297] fuse init (API version 7.26)
[    0.580147] Key type asymmetric registered
[    0.581036] Asymmetric key parser 'x509' registered
[    0.582100] Block layer SCSI generic (bsg) driver version 0.4 loaded (major 246)
[    0.583737] io scheduler noop registered
[    0.584648] io scheduler deadline registered
[    0.585663] io scheduler cfq registered (default)
[    0.587124] ACPI: AC Adapter [AC] (on-line)
[    0.588069] input: Power Button as /devices/LNXSYSTM:00/LNXPWRBN:00/input/input0
[    0.589747] ACPI: Power Button [PWRF]
[    0.590631] input: Sleep Button as /devices/LNXSYSTM:00/LNXSLPBN:00/input/input1
[    0.592204] ACPI: Sleep Button [SLPF]
[    0.594391] ACPI: Battery Slot [BAT0] (battery present)
[    0.595514] Serial: 8250/16550 driver, 32 ports, IRQ sharing enabled
[    0.617838] 00:02: ttyS0 at I/O 0x3f8 (irq = 4, base_baud = 115200) is a 16550A
[    0.623632] Linux agpgart interface v0.103
[    0.626979] loop: module loaded
[    0.628369] scsi host0: ata_piix
[    0.629286] scsi host1: ata_piix
[    0.630106] ata1: PATA max UDMA/33 cmd 0x1f0 ctl 0x3f6 bmdma 0xd000 irq 14
[    0.631902] ata2: PATA max UDMA/33 cmd 0x170 ctl 0x376 bmdma 0xd008 irq 15
[    0.634131] libphy: Fixed MDIO Bus: probed
[    0.635011] tun: Universal TUN/TAP device driver, 1.6
[    0.636151] PPP generic driver version 2.4.2
[    0.637112] ehci_hcd: USB 2.0 'Enhanced' Host Controller (EHCI) Driver
[    0.638437] ehci-pci: EHCI PCI platform driver
[    0.639431] ehci-platform: EHCI generic platform driver
[    0.640712] ohci_hcd: USB 1.1 'Open' Host Controller (OHCI) Driver
[    0.642042] ohci-pci: OHCI PCI platform driver
[    0.642983] ohci-platform: OHCI generic platform driver
[    0.644110] uhci_hcd: USB Universal Host Controller Interface driver
[    0.645436] i8042: PNP: PS/2 Controller [PNP0303:PS2K,PNP0f03:PS2M] at 0x60,0x64 irq 1,12
[    0.647441] serio: i8042 KBD port at 0x60,0x64 irq 1
[    0.648575] serio: i8042 AUX port at 0x60,0x64 irq 12
[    0.650025] mousedev: PS/2 mouse device common for all mice
[    0.651695] input: AT Translated Set 2 keyboard as /devices/platform/i8042/serio0/input/input2
[    0.653829] rtc_cmos rtc_cmos: rtc core: registered rtc_cmos as rtc0
[    0.655174] rtc_cmos rtc_cmos: alarms up to one day, 114 bytes nvram
[    0.656847] i2c /dev entries driver
[    0.657841] device-mapper: uevent: version 1.0.3
[    0.658883] device-mapper: ioctl: 4.37.0-ioctl (2017-09-20) initialised: dm-devel@redhat.com
[    0.660789] ledtrig-cpu: registered to indicate activity on CPUs
[    0.662561] NET: Registered protocol family 10
[    0.666241] Segment Routing with IPv6
[    0.667047] NET: Registered protocol family 17
[    0.668062] Key type dns_resolver registered
[    0.669100] mce: Using 0 MCE banks
[    0.669843] RAS: Correctable Errors collector initialized.
[    0.670985] sched_clock: Marking stable (669079200, 0)->(853174398, -184095198)
[    0.673406] registered taskstats version 1
[    0.674286] Loading compiled-in X.509 certificates
[    0.677165] Loaded X.509 cert 'Build time autogenerated kernel key: 62d24f9c726e026b112735485dad6e6e4b50c923'
[    0.679238] zswap: loaded using pool lzo/zbud
[    0.682785] Key type big_key registered
[    0.683603] Key type trusted registered
[    0.685651] Key type encrypted registered
[    0.686508] AppArmor: AppArmor sha1 policy hashing enabled
[    0.687651] ima: No TPM chip found, activating TPM-bypass! (rc=-19)
[    0.688971] ima: Allocated hash algorithm: sha1
[    0.690012] evm: HMAC attrs: 0x1
[    0.691277]   Magic number: 4:106:360
[    0.692304] rtc_cmos rtc_cmos: setting system clock to 2020-01-28 02:23:21 UTC (1580178201)
[    0.694281] BIOS EDD facility v0.16 2004-Jun-25, 0 devices found
[    0.695524] EDD information not available.
[    0.797341] Freeing unused kernel image memory: 2428K
[    0.804700] Write protecting the kernel read-only data: 20480k
[    0.807093] Freeing unused kernel image memory: 2008K
[    0.808797] Freeing unused kernel image memory: 1884K
[    0.814335] x86/mm: Checked W+X mappings: passed, no W+X pages found.
[    0.815743] x86/mm: Checking user space page tables
[    0.820609] x86/mm: Checked W+X mappings: passed, no W+X pages found.
Loading, please wait...
starting version 237
[    0.865899] e1000: Intel(R) PRO/1000 Network Driver - version 7.3.21-k8-NAPI
[    0.868062] e1000: Copyright (c) 1999-2006 Intel Corporation.
[    0.871410] Fusion MPT base driver 3.04.20
[    0.872396] Copyright (c) 1999-2008 LSI Corporation
[    0.875829] Fusion MPT SPI Host driver 3.04.20
[    0.880088] mptbase: ioc0: Initiating bringup
[    0.891832] AVX2 version of gcm_enc/dec engaged.
[    0.893033] AES CTR mode by8 optimization enabled
[    0.906037] vboxvideo: loading out-of-tree module taints kernel.
[    0.907782] vboxvideo: module verification failed: signature and/or required key missing - tainting kernel
[    1.073902] ioc0: LSI53C1030 A0: Capabilities={Initiator}
[    1.143305] input: ImExPS/2 Generic Explorer Mouse as /devices/platform/i8042/serio1/input/input4
[    1.476378] scsi host2: ioc0: LSI53C1030 A0, FwRev=00000000h, Ports=1, MaxQ=256, IRQ=20
[    1.696829] scsi 2:0:0:0: Direct-Access     VBOX     HARDDISK         1.0  PQ: 0 ANSI: 5
[    1.732175] scsi target2:0:0: Beginning Domain Validation
[    1.786308] scsi target2:0:0: Domain Validation skipping write tests
[    1.788451] scsi target2:0:0: Ending Domain Validation
[    1.789749] scsi target2:0:0: asynchronous
[    1.808513] scsi 2:0:1:0: Direct-Access     VBOX     HARDDISK         1.0  PQ: 0 ANSI: 5
[    2.020148] scsi target2:0:1: Beginning Domain Validation
[    2.023325] random: fast init done
[    2.029822] scsi target2:0:1: Domain Validation skipping write tests
[    2.031845] scsi target2:0:1: Ending Domain Validation
[    2.033603] scsi target2:0:1: asynchronous
[    2.039216] sd 2:0:0:0: Attached scsi generic sg0 type 0
[    2.040147] random: systemd-udevd: uninitialized urandom read (16 bytes read)
[    2.040823] sd 2:0:1:0: Attached scsi generic sg1 type 0
[    2.042587] random: systemd-udevd: uninitialized urandom read (16 bytes read)
[    2.045839] random: systemd-udevd: uninitialized urandom read (16 bytes read)
[    2.045866] sd 2:0:0:0: [sda] 20971520 512-byte logical blocks: (10.7 GB/10.0 GiB)
[    2.049933] sd 2:0:1:0: [sdb] 20480 512-byte logical blocks: (10.5 MB/10.0 MiB)
[    2.051848] sd 2:0:0:0: [sda] Write Protect is off
[    2.053172] sd 2:0:1:0: [sdb] Write Protect is off
[    2.054533] sd 2:0:1:0: [sdb] Incomplete mode parameter data
[    2.056020] sd 2:0:1:0: [sdb] Assuming drive cache: write through
[    2.057647] sd 2:0:0:0: [sda] Incomplete mode parameter data
[    2.059333] sd 2:0:0:0: [sda] Assuming drive cache: write through
[    2.064533]  sda: sda1
[    2.066233] sd 2:0:0:0: [sda] Attached SCSI disk
[    2.067778] sd 2:0:1:0: [sdb] Attached SCSI disk
[    2.130263] e1000 0000:00:03.0 eth0: (PCI:33MHz:32-bit) 02:3e:3e:1e:2f:8f
[    2.132278] e1000 0000:00:03.0 eth0: Intel(R) PRO/1000 Network Connection
[    2.134817] [drm] VRAM 01000000
[    2.135985] [TTM] Zone  kernel: Available graphics memory: 504318 kiB
[    2.137774] [TTM] Initializing pool allocator
[    2.139185] [TTM] Initializing DMA pool allocator
[    2.142092] fbcon: vboxdrmfb (fb0) is primary device
[    2.143585] Console: switching to colour frame buffer device 100x37
[    2.146791] vboxvideo 0000:00:02.0: fb0: vboxdrmfb frame buffer device
[    2.164366] [drm] Initialized vboxvideo 1.0.0 20130823 for 0000:00:02.0 on minor 0
[    2.620821] e1000 0000:00:08.0 eth1: (PCI:33MHz:32-bit) 08:00:27:f6:5d:b5
[    2.622955] e1000 0000:00:08.0 eth1: Intel(R) PRO/1000 Network Connection
[    2.626292] e1000 0000:00:03.0 enp0s3: renamed from eth0
[    2.644326] e1000 0000:00:08.0 enp0s8: renamed from eth1
Begin: Loading essential drivers ... [    2.800006] raid6: sse2x1   gen() 13621 MB/s
[    2.848129] raid6: sse2x1   xor()  9905 MB/s
[    2.896342] raid6: sse2x2   gen() 16725 MB/s
[    2.944476] raid6: sse2x2   xor()  9974 MB/s
[    2.992100] raid6: sse2x4   gen() 17692 MB/s
[    3.042262] raid6: sse2x4   xor() 12542 MB/s
[    3.092044] raid6: avx2x1   gen() 30314 MB/s
[    3.140350] raid6: avx2x1   xor() 19342 MB/s
[    3.188256] raid6: avx2x2   gen() 34231 MB/s
[    3.236256] raid6: avx2x2   xor() 21247 MB/s
[    3.284470] raid6: avx2x4   gen() 39064 MB/s
[    3.332323] raid6: avx2x4   xor() 23431 MB/s
[    3.333703] raid6: using algorithm avx2x4 gen() 39064 MB/s
[    3.334770] raid6: .... xor() 23431 MB/s, rmw enabled
[    3.336143] raid6: using avx2x2 recovery algorithm
[    3.338133] xor: automatically using best checksumming function   avx       
[    3.340940] async_tx: api initialized (async)
done.
Begin: Running /scripts/init-premount ... done.
Begin: Mounting root file system ... Begin: Running /scripts/local-top ... done.
Begin: Running /scripts/local-premount ... [    3.374871] Btrfs loaded, crc32c=crc32c-intel
Scanning for Btrfs filesystems
done.
Warning: fsck not present, so skipping root file system
[    3.398865] EXT4-fs (sda1): INFO: recovery required on readonly filesystem
[    3.400281] EXT4-fs (sda1): write access will be enabled during recovery
[    3.453839] EXT4-fs (sda1): recovery complete
[    3.455627] EXT4-fs (sda1): mounted filesystem with ordered data mode. Opts: (null)
done.
Begin: Running /scripts/local-bottom ... done.
Begin: Running /scripts/init-bottom ... done.
[    3.651556] ip_tables: (C) 2000-2006 Netfilter Core Team
[    3.661989] systemd[1]: systemd 237 running in system mode. (+PAM +AUDIT +SELINUX +IMA +APPARMOR +SMACK +SYSVINIT +UTMP +LIBCRYPTSETUP +GCRYPT +GNUTLS +ACL +XZ +LZ4 +SECCOMP +BLKID +ELFUTILS +KMOD -IDN2 +IDN -PCRE2 default-hierarchy=hybrid)
[    3.666681] systemd[1]: Detected virtualization oracle.
[    3.667878] systemd[1]: Detected architecture x86-64.

Welcome to [1mUbuntu 18.04.3 LTS[0m!

[    3.675466] systemd[1]: Set hostname to <ubuntu-bionic>.
[    3.932624] systemd[1]: Created slice User and Session Slice.
[[0;32m  OK  [0m] Created slice User and Session Slice.
[    3.935048] systemd[1]: Reached target User and Group Name Lookups.
[[0;32m  OK  [0m] Reached target User and Group Name Lookups.
[    3.937606] systemd[1]: Started Forward Password Requests to Wall Directory Watch.
[[0;32m  OK  [0m] Started Forward Password Requests to Wall Directory Watch.
[    3.953213] systemd[1]: Set up automount Arbitrary Executable File Formats File System Automount Point.
[[0;32m  OK  [0m] Set up automount Arbitrary Executab…rmats File System Automount Point.
[    3.960914] systemd[1]: Reached target Swap.
[[0;32m  OK  [0m] Reached target Swap.
[    3.963112] systemd[1]: Created slice System Slice.
[[0;32m  OK  [0m] Created slice System Slice.
[[0;32m  OK  [0m] Listening on Network Service Netlink Socket.
[[0;32m  OK  [0m] Listening on udev Kernel Socket.
[[0;32m  OK  [0m] Listening on udev Control Socket.
[[0;32m  OK  [0m] Reached target Slices.
[[0;32m  OK  [0m] Listening on Journal Socket (/dev/log).
[[0;32m  OK  [0m] Listening on LVM2 metadata daemon socket.
[[0;32m  OK  [0m] Listening on Journal Socket.
         Starting Create list of required st…ce nodes for the current kernel...
         Starting Load Kernel Modules...
         Starting Uncomplicated firewall...
[    4.098932] Loading iSCSI transport class v2.0-870.
         Starting Set the console keyboard layout...
[    4.106537] iscsi: registered transport (tcp)
         Mounting Kernel Debug File System...
         Mounting POSIX Message Queue File System...
[    4.127141] iscsi: registered transport (iser)
         Starting Remount Root and Kernel File Systems...
[[0;32m  OK  [0m] Listening on Journal Audit Socket.
[[0;32m  OK  [0m] Listening on /dev/initctl Compatibility Named Pipe.
[[0;32m  OK  [0m] Listening on LVM2 poll daemon socket.
[[0;32m  OK  [0m] Listening on Device-mapper event daemon FIFOs.
[[0;32m  OK  [0m] Reached target System Time Synchronized.
[    4.195007] EXT4-fs (sda1): re-mounted. Opts: (null)
         Mounting Huge Pages File System...
         Starting Monitoring of LVM2 mirrors…ng dmeventd or progress polling...
[[0;32m  OK  [0m] Listening on Syslog Socket.
         Starting Journal Service...
[[0;32m  OK  [0m] Created slice system-serial\x2dgetty.slice.
         Starting udev Coldplug all Devices...
[[0;32m  OK  [0m] Started Create list of required sta…vice nodes for the current kernel.
[[0;32m  OK  [0m] Started Load Kernel Modules.
[[0;32m  OK  [0m] Started Uncomplicated firewall.
[[0;32m  OK  [0m] Mounted Kernel Debug File System.
[[0;32m  OK  [0m] Mounted POSIX Message Queue File System.
[[0;32m  OK  [0m] Started Remount Root and Kernel File Systems.
[[0;32m  OK  [0m] Mounted Huge Pages File System.
         Starting Load/Save Random Seed...
         Mounting Kernel Configuration File System...
         Starting Apply Kernel Variables...
         Mounting FUSE Control File System...
         Starting Create Static Device Nodes in /dev...
[[0;32m  OK  [0m] Mounted Kernel Configuration File System.
[[0;32m  OK  [0m] Mounted FUSE Control File System.
[[0;32m  OK  [0m] Started LVM2 metadata daemon.
[[0;32m  OK  [0m] Started udev Coldplug all Devices.
[[0;32m  OK  [0m] Started Journal Service.
         Starting Flush Journal to Persistent Storage...
[[0;32m  OK  [0m] Started Load/Save Random Seed.
[[0;32m  OK  [0m] Started Create Static Device Nodes in /dev.
         Starting udev Kernel Device Manager...
[[0;32m  OK  [0m] Started Apply Kernel Variables.
[[0;32m  OK  [0m] Started Monitoring of LVM2 mirrors,…sing dmeventd or progress polling.
[[0;32m  OK  [0m] Started Set the console keyboard layout.
[[0;32m  OK  [0m] Reached target Local File Systems (Pre).
[[0;32m  OK  [0m] Reached target Local File Systems.
         Starting ebtables ruleset management...
         Starting Set console font and keymap...
         Starting Tell Plymouth To Write Out Runtime Data...
         Starting AppArmor initialization...
[[0;32m  OK  [0m] Started udev Kernel Device Manager.
[[0;32m  OK  [0m] Started Dispatch Password Requests to Console Directory Watch.
[[0;32m  OK  [0m] Reached target Local Encrypted Volumes.
[[0;32m  OK  [0m] Started Set console font and keymap.
[[0;32m  OK  [0m] Started Tell Plymouth To Write Out Runtime Data.
[[0;32m  OK  [0m] Started ebtables ruleset management.
[[0;32m  OK  [0m] Started Flush Journal to Persistent Storage.
         Starting Create Volatile Files and Directories...
[[0;32m  OK  [0m] Started Create Volatile Files and Directories.
[[0;32m  OK  [0m] Found device /dev/ttyS0.
         Starting Update UTMP about System Boot/Shutdown...
[[0;32m  OK  [0m] Started Update UTMP about System Boot/Shutdown.
[[0;32m  OK  [0m] Started AppArmor initialization.
[[0;32m  OK  [0m] Listening on Load/Save RF Kill Switch Status /dev/rfkill Watch.
         Starting Initial cloud-init job (pre-networking)...
[    5.752459] cloud-init[537]: Cloud-init v. 19.3-41-gc4735dd3-0ubuntu1~18.04.1 running 'init-local' at Tue, 28 Jan 2020 02:23:26 +0000. Up 5.55 seconds.
[[0;32m  OK  [0m] Started Initial cloud-init job (pre-networking).
[[0;32m  OK  [0m] Reached target Network (Pre).
         Starting Network Service...
[[0;32m  OK  [0m] Started Network Service.
         Starting Wait for Network to be Configured...
         Starting Network Name Resolution...
[[0;32m  OK  [0m] Started Network Name Resolution.
[[0;32m  OK  [0m] Reached target Network.
[[0;32m  OK  [0m] Reached target Host and Network Name Lookups.
[[0;32m  OK  [0m] Started Wait for Network to be Configured.
         Starting Initial cloud-init job (metadata service crawler)...
[    8.156811] cloud-init[712]: Cloud-init v. 19.3-41-gc4735dd3-0ubuntu1~18.04.1 running 'init' at Tue, 28 Jan 2020 02:23:28 +0000. Up 8.03 seconds.
[    8.168371] cloud-init[712]: ci-info: ++++++++++++++++++++++++++++++++++++++Net device info+++++++++++++++++++++++++++++++++++++++
[    8.184305] cloud-init[712]: ci-info: +--------+------+-----------------------------+---------------+--------+-------------------+
[    8.186100] cloud-init[712]: ci-info: | Device |  Up  |           Address           |      Mask     | Scope  |     Hw-Address    |
[    8.188583] cloud-init[712]: ci-info: +--------+------+-----------------------------+---------------+--------+-------------------+
[    8.191789] cloud-init[712]: ci-info: | enp0s3 | True |          10.0.2.15          | 255.255.255.0 | global | 02:3e:3e:1e:2f:8f |
[    8.204237] cloud-init[712]: ci-info: | enp0s3 | True |  fe80::3e:3eff:fe1e:2f8f/64 |       .       |  link  | 02:3e:3e:1e:2f:8f |
[    8.205607] cloud-init[712]: ci-info: | enp0s8 | True |        192.168.33.10        | 255.255.255.0 | global | 08:00:27:f6:5d:b5 |
[    8.206931] cloud-init[712]: ci-info: | enp0s8 | True | fe80::a00:27ff:fef6:5db5/64 |       .       |  link  | 08:00:27:f6:5d:b5 |
[    8.208674] cloud-init[712]: ci-info: |   lo   | True |          127.0.0.1          |   255.0.0.0   |  host  |         .         |
[    8.210736] cloud-init[712]: ci-info: |   lo   | True |           ::1/128           |       .       |  host  |         .         |
[    8.212837] cloud-init[712]: ci-info: +--------+------+-----------------------------+---------------+--------+-------------------+
[    8.214906] cloud-init[712]: ci-info: +++++++++++++++++++++++++++++Route IPv4 info+++++++++++++++++++++++++++++
[    8.216692] cloud-init[712]: ci-info: +-------+--------------+----------+-----------------+-----------+-------+
[    8.218456] cloud-init[712]: ci-info: | Route | Destination  | Gateway  |     Genmask     | Interface | Flags |
[    8.220239] cloud-init[712]: ci-info: +-------+--------------+----------+-----------------+-----------+-------+
[    8.221999] cloud-init[712]: ci-info: |   0   |   0.0.0.0    | 10.0.2.2 |     0.0.0.0     |   enp0s3  |   UG  |
[    8.223860] cloud-init[712]: ci-info: |   1   |   10.0.2.0   | 0.0.0.0  |  255.255.255.0  |   enp0s3  |   U   |
[    8.225822] cloud-init[712]: ci-info: |   2   |   10.0.2.2   | 0.0.0.0  | 255.255.255.255 |   enp0s3  |   UH  |
[    8.227468] cloud-init[712]: ci-info: |   3   | 192.168.33.0 | 0.0.0.0  |  255.255.255.0  |   enp0s8  |   U   |
[    8.229120] cloud-init[712]: ci-info: +-------+--------------+----------+-----------------+-----------+-------+
[    8.240388] cloud-init[712]: ci-info: +++++++++++++++++++Route IPv6 info+++++++++++++++++++
[    8.242871] cloud-init[712]: ci-info: +-------+-------------+---------+-----------+-------+
[    8.244532] cloud-init[712]: ci-info: | Route | Destination | Gateway | Interface | Flags |
[    8.245988] cloud-init[712]: ci-info: +-------+-------------+---------+-----------+-------+
[    8.247622] cloud-init[712]: ci-info: |   1   |  fe80::/64  |    ::   |   enp0s8  |   U   |
[    8.249259] cloud-init[712]: ci-info: |   2   |  fe80::/64  |    ::   |   enp0s3  |   U   |
[    8.250984] cloud-init[712]: ci-info: |   4   |    local    |    ::   |   enp0s3  |   U   |
[    8.252771] cloud-init[712]: ci-info: |   5   |    local    |    ::   |   enp0s8  |   U   |
[    8.254393] cloud-init[712]: ci-info: |   6   |   ff00::/8  |    ::   |   enp0s8  |   U   |
[    8.255958] cloud-init[712]: ci-info: |   7   |   ff00::/8  |    ::   |   enp0s3  |   U   |
[    8.257598] cloud-init[712]: ci-info: +-------+-------------+---------+-----------+-------+
[[0;32m  OK  [0m] Started Initial cloud-init job (metadata service crawler).
[[0;32m  OK  [0m] Reached target Cloud-config availability.
[[0;32m  OK  [0m] Reached target Network is Online.
         Starting Availability of block devices...
[[0;32m  OK  [0m] Reached target Remote File Systems (Pre).
[[0;32m  OK  [0m] Reached target Remote File Systems.
[[0;32m  OK  [0m] Reached target System Initialization.
         Starting LXD - unix socket.
[[0;32m  OK  [0m] Listening on Open-iSCSI iscsid Socket.
[[0;32m  OK  [0m] Started Daily Cleanup of Temporary Directories.
         Starting Socket activation for snappy daemon.
[[0;32m  OK  [0m] Started Daily apt download activities.
[[0;32m  OK  [0m] Started Message of the Day.
[[0;32m  OK  [0m] Started Discard unused blocks once a week.
[[0;32m  OK  [0m] Started ACPI Events Check.
[[0;32m  OK  [0m] Reached target Paths.
[[0;32m  OK  [0m] Listening on UUID daemon activation socket.
[[0;32m  OK  [0m] Started Daily apt upgrade and clean activities.
[[0;32m  OK  [0m] Reached target Timers.
[[0;32m  OK  [0m] Listening on D-Bus System Message Bus Socket.
[[0;32m  OK  [0m] Listening on ACPID Listen Socket.
[[0;32m  OK  [0m] Started Availability of block devices.
[[0;32m  OK  [0m] Listening on LXD - unix socket.
[[0;32m  OK  [0m] Listening on Socket activation for snappy daemon.
[[0;32m  OK  [0m] Reached target Sockets.
[[0;32m  OK  [0m] Reached target Basic System.
         Starting Login Service...
         Starting LXD - container startup/shutdown...
         Starting Accounts Service...
[[0;32m  OK  [0m] Started FUSE filesystem for LXC.
         Starting Permit User Sessions...
[[0;32m  OK  [0m] Started Deferred execution scheduler.
         Starting vboxadd.service...
         Starting LSB: Record successful boot for GRUB...
         Starting LSB: automatic crash report generation...
         Starting Dispatcher daemon for systemd-networkd...
[[0;32m  OK  [0m] Started Regular background program processing daemon.
         Starting System Logging Service...
         Starting Snappy daemon...
         Starting OpenBSD Secure Shell server...
[[0;32m  OK  [0m] Started irqbalance daemon.
         Starting Message of the Day...
[[0;32m  OK  [0m] Started D-Bus System Message Bus.
[[0;32m  OK  [0m] Started Login Service.
[[0;32m  OK  [0m] Started Unattended Upgrades Shutdown.
[[0;32m  OK  [0m] Started System Logging Service.
[[0;32m  OK  [0m] Started Permit User Sessions.
         Starting Hold until boot process finishes up...
         Starting Terminate Plymouth Boot Screen...
[[0;32m  OK  [0m] Started Hold until boot process finishes up.
[[0;32m  OK  [0m] Started Serial Getty on ttyS0.
         Starting Set console scheme...
[[0;32m  OK  [0m] Started Terminate Plymouth Boot Screen.
[[0;32m  OK  [0m] Started OpenBSD Secure Shell server.
[[0;32m  OK  [0m] Started Set console scheme.
[[0;32m  OK  [0m] Created slice system-getty.slice.
[[0;32m  OK  [0m] Started Getty on tty1.
[[0;32m  OK  [0m] Reached target Login Prompts.
         Starting Authorization Manager...
[[0;32m  OK  [0m] Started LXD - container startup/shutdown.
[[0;32m  OK  [0m] Started LSB: Record successful boot for GRUB.
[[0;32m  OK  [0m] Started LSB: automatic crash report generation.
[[0;32m  OK  [0m] Started Authorization Manager.
[[0;32m  OK  [0m] Started Accounts Service.
[[0;32m  OK  [0m] Started Snappy daemon.
         Starting Wait until snapd is fully seeded...
[[0;32m  OK  [0m] Started Wait until snapd is fully seeded.
         Starting Apply the settings specified in cloud-config...
[[0;32m  OK  [0m] Started Dispatcher daemon for systemd-networkd.
[[0;32m  OK  [0m] Started vboxadd.service.
         Starting vboxadd-service.service...
[[0;32m  OK  [0m] Started vboxadd-service.service.
[[0;32m  OK  [0m] Reached target Multi-User System.
[[0;32m  OK  [0m] Reached target Graphical Interface.
         Starting Update UTMP about System Runlevel Changes...
[[0;32m  OK  [0m] Started Update UTMP about System Runlevel Changes.
[   10.515137] cloud-init[1181]: Cloud-init v. 19.3-41-gc4735dd3-0ubuntu1~18.04.1 running 'modules:config' at Tue, 28 Jan 2020 02:23:31 +0000. Up 10.43 seconds.
[[0;32m  OK  [0m] Started Apply the settings specified in cloud-config.
         Starting Execute cloud user/final scripts...
[   10.930875] cloud-init[1318]: Cloud-init v. 19.3-41-gc4735dd3-0ubuntu1~18.04.1 running 'modules:final' at Tue, 28 Jan 2020 02:23:31 +0000. Up 10.84 seconds.
[   10.932798] cloud-init[1318]: Cloud-init v. 19.3-41-gc4735dd3-0ubuntu1~18.04.1 finished at Tue, 28 Jan 2020 02:23:31 +0000. Datasource DataSourceNoCloud [seed=/dev/sdb][dsmode=net].  Up 10.92 seconds
[[0;32m  OK  [0m] Started Execute cloud user/final scripts.
[[0;32m  OK  [0m] Reached target Cloud-init target.
         Starting Daily apt download activities...
[[0;32m  OK  [0m] Created slice User Slice of vagrant.
         Starting User Manager for UID 1000...
[[0;32m  OK  [0m] Started Session 1 of user vagrant.
[[0;32m  OK  [0m] Started User Manager for UID 1000.

Ubuntu 18.04.3 LTS ubuntu-bionic ttyS0

ubuntu-bionic login: 